{"/home/ubuntu/clawd/css-copy-tool/background.js": {"path":"/home/ubuntu/clawd/css-copy-tool/background.js","statementMap":{"0":{"start":{"line":3,"column":0},"end":{"line":11,"column":3}},"1":{"start":{"line":4,"column":2},"end":{"line":10,"column":3}},"2":{"start":{"line":5,"column":4},"end":{"line":9,"column":7}},"3":{"start":{"line":6,"column":6},"end":{"line":8,"column":7}},"4":{"start":{"line":7,"column":8},"end":{"line":7,"column":66}},"5":{"start":{"line":13,"column":0},"end":{"line":18,"column":3}},"6":{"start":{"line":14,"column":2},"end":{"line":17,"column":3}},"7":{"start":{"line":16,"column":4},"end":{"line":16,"column":36}}},"fnMap":{"0":{"name":"(anonymous_0)","decl":{"start":{"line":3,"column":38},"end":{"line":3,"column":39}},"loc":{"start":{"line":3,"column":51},"end":{"line":11,"column":1}},"line":3},"1":{"name":"(anonymous_1)","decl":{"start":{"line":5,"column":61},"end":{"line":5,"column":62}},"loc":{"start":{"line":5,"column":71},"end":{"line":9,"column":5}},"line":5},"2":{"name":"(anonymous_2)","decl":{"start":{"line":13,"column":37},"end":{"line":13,"column":38}},"loc":{"start":{"line":13,"column":72},"end":{"line":18,"column":1}},"line":13}},"branchMap":{"0":{"loc":{"start":{"line":4,"column":2},"end":{"line":10,"column":3}},"type":"if","locations":[{"start":{"line":4,"column":2},"end":{"line":10,"column":3}},{"start":{},"end":{}}],"line":4},"1":{"loc":{"start":{"line":6,"column":6},"end":{"line":8,"column":7}},"type":"if","locations":[{"start":{"line":6,"column":6},"end":{"line":8,"column":7}},{"start":{},"end":{}}],"line":6},"2":{"loc":{"start":{"line":14,"column":2},"end":{"line":17,"column":3}},"type":"if","locations":[{"start":{"line":14,"column":2},"end":{"line":17,"column":3}},{"start":{},"end":{}}],"line":14}},"s":{"0":0,"1":0,"2":0,"3":0,"4":0,"5":0,"6":0,"7":0},"f":{"0":0,"1":0,"2":0},"b":{"0":[0,0],"1":[0,0],"2":[0,0]}}
,"/home/ubuntu/clawd/css-copy-tool/content/content.js": {"path":"/home/ubuntu/clawd/css-copy-tool/content/content.js","statementMap":{"0":{"start":{"line":3,"column":0},"end":{"line":416,"column":5}},"1":{"start":{"line":6,"column":17},"end":{"line":6,"column":22}},"2":{"start":{"line":7,"column":23},"end":{"line":7,"column":27}},"3":{"start":{"line":8,"column":16},"end":{"line":8,"column":20}},"4":{"start":{"line":9,"column":17},"end":{"line":12,"column":3}},"5":{"start":{"line":15,"column":30},"end":{"line":40,"column":3}},"6":{"start":{"line":43,"column":23},"end":{"line":51,"column":3}},"7":{"start":{"line":55,"column":4},"end":{"line":58,"column":7}},"8":{"start":{"line":56,"column":6},"end":{"line":56,"column":57}},"9":{"start":{"line":56,"column":25},"end":{"line":56,"column":57}},"10":{"start":{"line":57,"column":6},"end":{"line":57,"column":69}},"11":{"start":{"line":57,"column":29},"end":{"line":57,"column":69}},"12":{"start":{"line":63,"column":4},"end":{"line":63,"column":19}},"13":{"start":{"line":65,"column":4},"end":{"line":81,"column":7}},"14":{"start":{"line":66,"column":6},"end":{"line":79,"column":7}},"15":{"start":{"line":68,"column":10},"end":{"line":68,"column":21}},"16":{"start":{"line":69,"column":10},"end":{"line":69,"column":16}},"17":{"start":{"line":71,"column":10},"end":{"line":71,"column":23}},"18":{"start":{"line":72,"column":10},"end":{"line":72,"column":16}},"19":{"start":{"line":74,"column":10},"end":{"line":74,"column":47}},"20":{"start":{"line":75,"column":10},"end":{"line":75,"column":16}},"21":{"start":{"line":77,"column":10},"end":{"line":77,"column":25}},"22":{"start":{"line":78,"column":10},"end":{"line":78,"column":16}},"23":{"start":{"line":80,"column":6},"end":{"line":80,"column":38}},"24":{"start":{"line":86,"column":4},"end":{"line":86,"column":25}},"25":{"start":{"line":86,"column":18},"end":{"line":86,"column":25}},"26":{"start":{"line":87,"column":4},"end":{"line":87,"column":20}},"27":{"start":{"line":89,"column":4},"end":{"line":89,"column":60}},"28":{"start":{"line":90,"column":4},"end":{"line":90,"column":58}},"29":{"start":{"line":91,"column":4},"end":{"line":91,"column":58}},"30":{"start":{"line":92,"column":4},"end":{"line":92,"column":56}},"31":{"start":{"line":94,"column":4},"end":{"line":94,"column":61}},"32":{"start":{"line":99,"column":4},"end":{"line":99,"column":26}},"33":{"start":{"line":99,"column":19},"end":{"line":99,"column":26}},"34":{"start":{"line":100,"column":4},"end":{"line":100,"column":21}},"35":{"start":{"line":102,"column":4},"end":{"line":102,"column":63}},"36":{"start":{"line":103,"column":4},"end":{"line":103,"column":61}},"37":{"start":{"line":104,"column":4},"end":{"line":104,"column":61}},"38":{"start":{"line":105,"column":4},"end":{"line":105,"column":59}},"39":{"start":{"line":107,"column":4},"end":{"line":110,"column":5}},"40":{"start":{"line":108,"column":6},"end":{"line":108,"column":65}},"41":{"start":{"line":109,"column":6},"end":{"line":109,"column":28}},"42":{"start":{"line":112,"column":4},"end":{"line":112,"column":20}},"43":{"start":{"line":113,"column":4},"end":{"line":113,"column":43}},"44":{"start":{"line":118,"column":4},"end":{"line":118,"column":26}},"45":{"start":{"line":118,"column":19},"end":{"line":118,"column":26}},"46":{"start":{"line":119,"column":4},"end":{"line":119,"column":59}},"47":{"start":{"line":119,"column":52},"end":{"line":119,"column":59}},"48":{"start":{"line":121,"column":4},"end":{"line":123,"column":5}},"49":{"start":{"line":122,"column":6},"end":{"line":122,"column":65}},"50":{"start":{"line":125,"column":4},"end":{"line":125,"column":30}},"51":{"start":{"line":126,"column":4},"end":{"line":126,"column":60}},"52":{"start":{"line":131,"column":4},"end":{"line":131,"column":26}},"53":{"start":{"line":131,"column":19},"end":{"line":131,"column":26}},"54":{"start":{"line":132,"column":4},"end":{"line":132,"column":59}},"55":{"start":{"line":132,"column":52},"end":{"line":132,"column":59}},"56":{"start":{"line":134,"column":4},"end":{"line":136,"column":5}},"57":{"start":{"line":141,"column":4},"end":{"line":141,"column":26}},"58":{"start":{"line":141,"column":19},"end":{"line":141,"column":26}},"59":{"start":{"line":142,"column":4},"end":{"line":142,"column":59}},"60":{"start":{"line":142,"column":52},"end":{"line":142,"column":59}},"61":{"start":{"line":144,"column":4},"end":{"line":144,"column":23}},"62":{"start":{"line":145,"column":4},"end":{"line":145,"column":24}},"63":{"start":{"line":147,"column":4},"end":{"line":149,"column":5}},"64":{"start":{"line":148,"column":6},"end":{"line":148,"column":34}},"65":{"start":{"line":154,"column":4},"end":{"line":157,"column":5}},"66":{"start":{"line":155,"column":6},"end":{"line":155,"column":19}},"67":{"start":{"line":156,"column":6},"end":{"line":156,"column":52}},"68":{"start":{"line":162,"column":21},"end":{"line":162,"column":53}},"69":{"start":{"line":163,"column":19},"end":{"line":163,"column":21}},"70":{"start":{"line":165,"column":4},"end":{"line":185,"column":7}},"71":{"start":{"line":166,"column":6},"end":{"line":184,"column":7}},"72":{"start":{"line":167,"column":20},"end":{"line":167,"column":49}},"73":{"start":{"line":168,"column":8},"end":{"line":171,"column":10}},"74":{"start":{"line":173,"column":8},"end":{"line":178,"column":11}},"75":{"start":{"line":174,"column":24},"end":{"line":174,"column":55}},"76":{"start":{"line":175,"column":10},"end":{"line":177,"column":11}},"77":{"start":{"line":176,"column":12},"end":{"line":176,"column":49}},"78":{"start":{"line":181,"column":8},"end":{"line":183,"column":9}},"79":{"start":{"line":182,"column":10},"end":{"line":182,"column":34}},"80":{"start":{"line":187,"column":4},"end":{"line":187,"column":18}},"81":{"start":{"line":192,"column":14},"end":{"line":192,"column":31}},"82":{"start":{"line":194,"column":4},"end":{"line":198,"column":7}},"83":{"start":{"line":195,"column":6},"end":{"line":197,"column":9}},"84":{"start":{"line":196,"column":8},"end":{"line":196,"column":40}},"85":{"start":{"line":200,"column":4},"end":{"line":200,"column":15}},"86":{"start":{"line":201,"column":4},"end":{"line":201,"column":15}},"87":{"start":{"line":206,"column":20},"end":{"line":206,"column":22}},"88":{"start":{"line":208,"column":4},"end":{"line":218,"column":7}},"89":{"start":{"line":209,"column":6},"end":{"line":217,"column":9}},"90":{"start":{"line":210,"column":8},"end":{"line":216,"column":9}},"91":{"start":{"line":211,"column":10},"end":{"line":211,"column":50}},"92":{"start":{"line":214,"column":27},"end":{"line":214,"column":77}},"93":{"start":{"line":214,"column":58},"end":{"line":214,"column":76}},"94":{"start":{"line":215,"column":10},"end":{"line":215,"column":66}},"95":{"start":{"line":220,"column":4},"end":{"line":220,"column":29}},"96":{"start":{"line":225,"column":17},"end":{"line":225,"column":19}},"97":{"start":{"line":227,"column":4},"end":{"line":231,"column":7}},"98":{"start":{"line":228,"column":6},"end":{"line":230,"column":9}},"99":{"start":{"line":229,"column":8},"end":{"line":229,"column":40}},"100":{"start":{"line":233,"column":4},"end":{"line":233,"column":25}},"101":{"start":{"line":238,"column":4},"end":{"line":238,"column":20}},"102":{"start":{"line":240,"column":19},"end":{"line":240,"column":45}},"103":{"start":{"line":241,"column":17},"end":{"line":241,"column":48}},"104":{"start":{"line":243,"column":4},"end":{"line":243,"column":44}},"105":{"start":{"line":244,"column":4},"end":{"line":244,"column":48}},"106":{"start":{"line":247,"column":14},"end":{"line":247,"column":30}},"107":{"start":{"line":248,"column":15},"end":{"line":248,"column":24}},"108":{"start":{"line":250,"column":4},"end":{"line":252,"column":5}},"109":{"start":{"line":251,"column":6},"end":{"line":251,"column":27}},"110":{"start":{"line":253,"column":4},"end":{"line":255,"column":5}},"111":{"start":{"line":254,"column":6},"end":{"line":254,"column":37}},"112":{"start":{"line":256,"column":4},"end":{"line":256,"column":27}},"113":{"start":{"line":256,"column":18},"end":{"line":256,"column":27}},"114":{"start":{"line":257,"column":4},"end":{"line":257,"column":29}},"115":{"start":{"line":257,"column":19},"end":{"line":257,"column":29}},"116":{"start":{"line":259,"column":4},"end":{"line":259,"column":35}},"117":{"start":{"line":260,"column":4},"end":{"line":260,"column":37}},"118":{"start":{"line":263,"column":20},"end":{"line":263,"column":49}},"119":{"start":{"line":264,"column":22},"end":{"line":266,"column":10}},"120":{"start":{"line":267,"column":15},"end":{"line":267,"column":49}},"121":{"start":{"line":269,"column":15},"end":{"line":275,"column":5}},"122":{"start":{"line":277,"column":4},"end":{"line":298,"column":7}},"123":{"start":{"line":278,"column":6},"end":{"line":281,"column":8}},"124":{"start":{"line":283,"column":6},"end":{"line":295,"column":9}},"125":{"start":{"line":284,"column":24},"end":{"line":284,"column":71}},"126":{"start":{"line":285,"column":29},"end":{"line":287,"column":14}},"127":{"start":{"line":289,"column":8},"end":{"line":294,"column":10}},"128":{"start":{"line":297,"column":6},"end":{"line":297,"column":23}},"129":{"start":{"line":300,"column":4},"end":{"line":310,"column":6}},"130":{"start":{"line":312,"column":4},"end":{"line":312,"column":29}},"131":{"start":{"line":313,"column":4},"end":{"line":313,"column":39}},"132":{"start":{"line":316,"column":24},"end":{"line":316,"column":33}},"133":{"start":{"line":318,"column":4},"end":{"line":330,"column":7}},"134":{"start":{"line":319,"column":6},"end":{"line":329,"column":9}},"135":{"start":{"line":320,"column":8},"end":{"line":320,"column":40}},"136":{"start":{"line":321,"column":21},"end":{"line":321,"column":36}},"137":{"start":{"line":322,"column":22},"end":{"line":322,"column":38}},"138":{"start":{"line":324,"column":8},"end":{"line":328,"column":9}},"139":{"start":{"line":325,"column":10},"end":{"line":325,"column":37}},"140":{"start":{"line":327,"column":10},"end":{"line":327,"column":41}},"141":{"start":{"line":332,"column":4},"end":{"line":345,"column":7}},"142":{"start":{"line":334,"column":6},"end":{"line":343,"column":7}},"143":{"start":{"line":336,"column":10},"end":{"line":336,"column":38}},"144":{"start":{"line":337,"column":10},"end":{"line":337,"column":16}},"145":{"start":{"line":339,"column":10},"end":{"line":339,"column":36}},"146":{"start":{"line":340,"column":10},"end":{"line":340,"column":16}},"147":{"start":{"line":342,"column":10},"end":{"line":342,"column":33}},"148":{"start":{"line":344,"column":6},"end":{"line":344,"column":30}},"149":{"start":{"line":347,"column":4},"end":{"line":368,"column":7}},"150":{"start":{"line":348,"column":6},"end":{"line":351,"column":7}},"151":{"start":{"line":349,"column":8},"end":{"line":349,"column":45}},"152":{"start":{"line":350,"column":8},"end":{"line":350,"column":15}},"153":{"start":{"line":353,"column":23},"end":{"line":353,"column":25}},"154":{"start":{"line":354,"column":6},"end":{"line":354,"column":88}},"155":{"start":{"line":357,"column":6},"end":{"line":366,"column":7}},"156":{"start":{"line":359,"column":10},"end":{"line":359,"column":40}},"157":{"start":{"line":360,"column":10},"end":{"line":360,"column":16}},"158":{"start":{"line":362,"column":10},"end":{"line":362,"column":38}},"159":{"start":{"line":363,"column":10},"end":{"line":363,"column":16}},"160":{"start":{"line":365,"column":10},"end":{"line":365,"column":35}},"161":{"start":{"line":367,"column":6},"end":{"line":367,"column":30}},"162":{"start":{"line":373,"column":4},"end":{"line":376,"column":5}},"163":{"start":{"line":374,"column":6},"end":{"line":374,"column":23}},"164":{"start":{"line":375,"column":6},"end":{"line":375,"column":21}},"165":{"start":{"line":381,"column":4},"end":{"line":395,"column":5}},"166":{"start":{"line":382,"column":6},"end":{"line":382,"column":48}},"167":{"start":{"line":383,"column":6},"end":{"line":383,"column":40}},"168":{"start":{"line":386,"column":23},"end":{"line":386,"column":57}},"169":{"start":{"line":387,"column":6},"end":{"line":387,"column":28}},"170":{"start":{"line":388,"column":6},"end":{"line":388,"column":40}},"171":{"start":{"line":389,"column":6},"end":{"line":389,"column":35}},"172":{"start":{"line":390,"column":6},"end":{"line":390,"column":42}},"173":{"start":{"line":391,"column":6},"end":{"line":391,"column":24}},"174":{"start":{"line":392,"column":6},"end":{"line":392,"column":35}},"175":{"start":{"line":393,"column":6},"end":{"line":393,"column":42}},"176":{"start":{"line":394,"column":6},"end":{"line":394,"column":40}},"177":{"start":{"line":400,"column":21},"end":{"line":400,"column":67}},"178":{"start":{"line":401,"column":4},"end":{"line":401,"column":36}},"179":{"start":{"line":401,"column":18},"end":{"line":401,"column":36}},"180":{"start":{"line":403,"column":18},"end":{"line":403,"column":47}},"181":{"start":{"line":404,"column":4},"end":{"line":404,"column":44}},"182":{"start":{"line":405,"column":4},"end":{"line":405,"column":32}},"183":{"start":{"line":406,"column":4},"end":{"line":406,"column":37}},"184":{"start":{"line":408,"column":4},"end":{"line":411,"column":13}},"185":{"start":{"line":409,"column":6},"end":{"line":409,"column":36}},"186":{"start":{"line":410,"column":6},"end":{"line":410,"column":44}},"187":{"start":{"line":410,"column":23},"end":{"line":410,"column":37}},"188":{"start":{"line":415,"column":2},"end":{"line":415,"column":9}}},"fnMap":{"0":{"name":"(anonymous_0)","decl":{"start":{"line":3,"column":1},"end":{"line":3,"column":2}},"loc":{"start":{"line":3,"column":12},"end":{"line":416,"column":1}},"line":3},"1":{"name":"loadSettings","decl":{"start":{"line":54,"column":11},"end":{"line":54,"column":23}},"loc":{"start":{"line":54,"column":26},"end":{"line":59,"column":3}},"line":54},"2":{"name":"(anonymous_2)","decl":{"start":{"line":55,"column":55},"end":{"line":55,"column":56}},"loc":{"start":{"line":55,"column":67},"end":{"line":58,"column":5}},"line":55},"3":{"name":"init","decl":{"start":{"line":62,"column":11},"end":{"line":62,"column":15}},"loc":{"start":{"line":62,"column":18},"end":{"line":82,"column":3}},"line":62},"4":{"name":"(anonymous_4)","decl":{"start":{"line":65,"column":41},"end":{"line":65,"column":42}},"loc":{"start":{"line":65,"column":76},"end":{"line":81,"column":5}},"line":65},"5":{"name":"activate","decl":{"start":{"line":85,"column":11},"end":{"line":85,"column":19}},"loc":{"start":{"line":85,"column":22},"end":{"line":95,"column":3}},"line":85},"6":{"name":"deactivate","decl":{"start":{"line":98,"column":11},"end":{"line":98,"column":21}},"loc":{"start":{"line":98,"column":24},"end":{"line":114,"column":3}},"line":98},"7":{"name":"handleMouseOver","decl":{"start":{"line":117,"column":11},"end":{"line":117,"column":26}},"loc":{"start":{"line":117,"column":30},"end":{"line":127,"column":3}},"line":117},"8":{"name":"handleMouseOut","decl":{"start":{"line":130,"column":11},"end":{"line":130,"column":25}},"loc":{"start":{"line":130,"column":29},"end":{"line":137,"column":3}},"line":130},"9":{"name":"handleClick","decl":{"start":{"line":140,"column":11},"end":{"line":140,"column":22}},"loc":{"start":{"line":140,"column":26},"end":{"line":150,"column":3}},"line":140},"10":{"name":"handleKeyDown","decl":{"start":{"line":153,"column":11},"end":{"line":153,"column":24}},"loc":{"start":{"line":153,"column":28},"end":{"line":158,"column":3}},"line":153},"11":{"name":"getComputedStyles","decl":{"start":{"line":161,"column":11},"end":{"line":161,"column":28}},"loc":{"start":{"line":161,"column":38},"end":{"line":188,"column":3}},"line":161},"12":{"name":"(anonymous_12)","decl":{"start":{"line":165,"column":32},"end":{"line":165,"column":33}},"loc":{"start":{"line":165,"column":44},"end":{"line":185,"column":5}},"line":165},"13":{"name":"(anonymous_13)","decl":{"start":{"line":173,"column":26},"end":{"line":173,"column":27}},"loc":{"start":{"line":173,"column":34},"end":{"line":178,"column":9}},"line":173},"14":{"name":"toCSS","decl":{"start":{"line":191,"column":11},"end":{"line":191,"column":16}},"loc":{"start":{"line":191,"column":48},"end":{"line":202,"column":3}},"line":191},"15":{"name":"(anonymous_15)","decl":{"start":{"line":194,"column":34},"end":{"line":194,"column":35}},"loc":{"start":{"line":194,"column":46},"end":{"line":198,"column":5}},"line":194},"16":{"name":"(anonymous_16)","decl":{"start":{"line":195,"column":45},"end":{"line":195,"column":46}},"loc":{"start":{"line":195,"column":64},"end":{"line":197,"column":7}},"line":195},"17":{"name":"toTailwind","decl":{"start":{"line":205,"column":11},"end":{"line":205,"column":21}},"loc":{"start":{"line":205,"column":30},"end":{"line":221,"column":3}},"line":205},"18":{"name":"(anonymous_18)","decl":{"start":{"line":208,"column":34},"end":{"line":208,"column":35}},"loc":{"start":{"line":208,"column":46},"end":{"line":218,"column":5}},"line":208},"19":{"name":"(anonymous_19)","decl":{"start":{"line":209,"column":45},"end":{"line":209,"column":46}},"loc":{"start":{"line":209,"column":64},"end":{"line":217,"column":7}},"line":209},"20":{"name":"(anonymous_20)","decl":{"start":{"line":214,"column":53},"end":{"line":214,"column":54}},"loc":{"start":{"line":214,"column":58},"end":{"line":214,"column":76}},"line":214},"21":{"name":"toInline","decl":{"start":{"line":224,"column":11},"end":{"line":224,"column":19}},"loc":{"start":{"line":224,"column":28},"end":{"line":234,"column":3}},"line":224},"22":{"name":"(anonymous_22)","decl":{"start":{"line":227,"column":34},"end":{"line":227,"column":35}},"loc":{"start":{"line":227,"column":46},"end":{"line":231,"column":5}},"line":227},"23":{"name":"(anonymous_23)","decl":{"start":{"line":228,"column":45},"end":{"line":228,"column":46}},"loc":{"start":{"line":228,"column":64},"end":{"line":230,"column":7}},"line":228},"24":{"name":"showOverlay","decl":{"start":{"line":237,"column":11},"end":{"line":237,"column":22}},"loc":{"start":{"line":237,"column":32},"end":{"line":369,"column":3}},"line":237},"25":{"name":"(anonymous_25)","decl":{"start":{"line":277,"column":35},"end":{"line":277,"column":36}},"loc":{"start":{"line":277,"column":56},"end":{"line":298,"column":5}},"line":277},"26":{"name":"(anonymous_26)","decl":{"start":{"line":283,"column":45},"end":{"line":283,"column":46}},"loc":{"start":{"line":283,"column":64},"end":{"line":295,"column":7}},"line":283},"27":{"name":"(anonymous_27)","decl":{"start":{"line":318,"column":64},"end":{"line":318,"column":65}},"loc":{"start":{"line":318,"column":70},"end":{"line":330,"column":5}},"line":318},"28":{"name":"(anonymous_28)","decl":{"start":{"line":319,"column":35},"end":{"line":319,"column":36}},"loc":{"start":{"line":319,"column":41},"end":{"line":329,"column":7}},"line":319},"29":{"name":"(anonymous_29)","decl":{"start":{"line":332,"column":80},"end":{"line":332,"column":81}},"loc":{"start":{"line":332,"column":86},"end":{"line":345,"column":5}},"line":332},"30":{"name":"(anonymous_30)","decl":{"start":{"line":347,"column":83},"end":{"line":347,"column":84}},"loc":{"start":{"line":347,"column":89},"end":{"line":368,"column":5}},"line":347},"31":{"name":"removeOverlay","decl":{"start":{"line":372,"column":11},"end":{"line":372,"column":24}},"loc":{"start":{"line":372,"column":27},"end":{"line":377,"column":3}},"line":372},"32":{"name":"copyToClipboard","decl":{"start":{"line":380,"column":17},"end":{"line":380,"column":32}},"loc":{"start":{"line":380,"column":39},"end":{"line":396,"column":3}},"line":380},"33":{"name":"showToast","decl":{"start":{"line":399,"column":11},"end":{"line":399,"column":20}},"loc":{"start":{"line":399,"column":30},"end":{"line":412,"column":3}},"line":399},"34":{"name":"(anonymous_34)","decl":{"start":{"line":408,"column":15},"end":{"line":408,"column":16}},"loc":{"start":{"line":408,"column":21},"end":{"line":411,"column":5}},"line":408},"35":{"name":"(anonymous_35)","decl":{"start":{"line":410,"column":17},"end":{"line":410,"column":18}},"loc":{"start":{"line":410,"column":23},"end":{"line":410,"column":37}},"line":410}},"branchMap":{"0":{"loc":{"start":{"line":56,"column":6},"end":{"line":56,"column":57}},"type":"if","locations":[{"start":{"line":56,"column":6},"end":{"line":56,"column":57}},{"start":{},"end":{}}],"line":56},"1":{"loc":{"start":{"line":57,"column":6},"end":{"line":57,"column":69}},"type":"if","locations":[{"start":{"line":57,"column":6},"end":{"line":57,"column":69}},{"start":{},"end":{}}],"line":57},"2":{"loc":{"start":{"line":66,"column":6},"end":{"line":79,"column":7}},"type":"switch","locations":[{"start":{"line":67,"column":8},"end":{"line":69,"column":16}},{"start":{"line":70,"column":8},"end":{"line":72,"column":16}},{"start":{"line":73,"column":8},"end":{"line":75,"column":16}},{"start":{"line":76,"column":8},"end":{"line":78,"column":16}}],"line":66},"3":{"loc":{"start":{"line":74,"column":10},"end":{"line":74,"column":46}},"type":"cond-expr","locations":[{"start":{"line":74,"column":21},"end":{"line":74,"column":33}},{"start":{"line":74,"column":36},"end":{"line":74,"column":46}}],"line":74},"4":{"loc":{"start":{"line":86,"column":4},"end":{"line":86,"column":25}},"type":"if","locations":[{"start":{"line":86,"column":4},"end":{"line":86,"column":25}},{"start":{},"end":{}}],"line":86},"5":{"loc":{"start":{"line":99,"column":4},"end":{"line":99,"column":26}},"type":"if","locations":[{"start":{"line":99,"column":4},"end":{"line":99,"column":26}},{"start":{},"end":{}}],"line":99},"6":{"loc":{"start":{"line":107,"column":4},"end":{"line":110,"column":5}},"type":"if","locations":[{"start":{"line":107,"column":4},"end":{"line":110,"column":5}},{"start":{},"end":{}}],"line":107},"7":{"loc":{"start":{"line":118,"column":4},"end":{"line":118,"column":26}},"type":"if","locations":[{"start":{"line":118,"column":4},"end":{"line":118,"column":26}},{"start":{},"end":{}}],"line":118},"8":{"loc":{"start":{"line":119,"column":4},"end":{"line":119,"column":59}},"type":"if","locations":[{"start":{"line":119,"column":4},"end":{"line":119,"column":59}},{"start":{},"end":{}}],"line":119},"9":{"loc":{"start":{"line":121,"column":4},"end":{"line":123,"column":5}},"type":"if","locations":[{"start":{"line":121,"column":4},"end":{"line":123,"column":5}},{"start":{},"end":{}}],"line":121},"10":{"loc":{"start":{"line":131,"column":4},"end":{"line":131,"column":26}},"type":"if","locations":[{"start":{"line":131,"column":4},"end":{"line":131,"column":26}},{"start":{},"end":{}}],"line":131},"11":{"loc":{"start":{"line":132,"column":4},"end":{"line":132,"column":59}},"type":"if","locations":[{"start":{"line":132,"column":4},"end":{"line":132,"column":59}},{"start":{},"end":{}}],"line":132},"12":{"loc":{"start":{"line":134,"column":4},"end":{"line":136,"column":5}},"type":"if","locations":[{"start":{"line":134,"column":4},"end":{"line":136,"column":5}},{"start":{},"end":{}}],"line":134},"13":{"loc":{"start":{"line":134,"column":8},"end":{"line":134,"column":77}},"type":"binary-expr","locations":[{"start":{"line":134,"column":8},"end":{"line":134,"column":22}},{"start":{"line":134,"column":26},"end":{"line":134,"column":77}}],"line":134},"14":{"loc":{"start":{"line":141,"column":4},"end":{"line":141,"column":26}},"type":"if","locations":[{"start":{"line":141,"column":4},"end":{"line":141,"column":26}},{"start":{},"end":{}}],"line":141},"15":{"loc":{"start":{"line":142,"column":4},"end":{"line":142,"column":59}},"type":"if","locations":[{"start":{"line":142,"column":4},"end":{"line":142,"column":59}},{"start":{},"end":{}}],"line":142},"16":{"loc":{"start":{"line":147,"column":4},"end":{"line":149,"column":5}},"type":"if","locations":[{"start":{"line":147,"column":4},"end":{"line":149,"column":5}},{"start":{},"end":{}}],"line":147},"17":{"loc":{"start":{"line":154,"column":4},"end":{"line":157,"column":5}},"type":"if","locations":[{"start":{"line":154,"column":4},"end":{"line":157,"column":5}},{"start":{},"end":{}}],"line":154},"18":{"loc":{"start":{"line":166,"column":6},"end":{"line":184,"column":7}},"type":"if","locations":[{"start":{"line":166,"column":6},"end":{"line":184,"column":7}},{"start":{},"end":{}}],"line":166},"19":{"loc":{"start":{"line":175,"column":10},"end":{"line":177,"column":11}},"type":"if","locations":[{"start":{"line":175,"column":10},"end":{"line":177,"column":11}},{"start":{},"end":{}}],"line":175},"20":{"loc":{"start":{"line":175,"column":14},"end":{"line":175,"column":132}},"type":"binary-expr","locations":[{"start":{"line":175,"column":14},"end":{"line":175,"column":19}},{"start":{"line":175,"column":23},"end":{"line":175,"column":39}},{"start":{"line":175,"column":43},"end":{"line":175,"column":61}},{"start":{"line":175,"column":65},"end":{"line":175,"column":81}},{"start":{"line":175,"column":85},"end":{"line":175,"column":100}},{"start":{"line":175,"column":104},"end":{"line":175,"column":132}}],"line":175},"21":{"loc":{"start":{"line":181,"column":8},"end":{"line":183,"column":9}},"type":"if","locations":[{"start":{"line":181,"column":8},"end":{"line":183,"column":9}},{"start":{},"end":{}}],"line":181},"22":{"loc":{"start":{"line":191,"column":25},"end":{"line":191,"column":46}},"type":"default-arg","locations":[{"start":{"line":191,"column":36},"end":{"line":191,"column":46}}],"line":191},"23":{"loc":{"start":{"line":210,"column":8},"end":{"line":216,"column":9}},"type":"if","locations":[{"start":{"line":210,"column":8},"end":{"line":216,"column":9}},{"start":{"line":212,"column":15},"end":{"line":216,"column":9}}],"line":210},"24":{"loc":{"start":{"line":210,"column":12},"end":{"line":210,"column":59}},"type":"binary-expr","locations":[{"start":{"line":210,"column":12},"end":{"line":210,"column":30}},{"start":{"line":210,"column":34},"end":{"line":210,"column":59}}],"line":210},"25":{"loc":{"start":{"line":250,"column":4},"end":{"line":252,"column":5}},"type":"if","locations":[{"start":{"line":250,"column":4},"end":{"line":252,"column":5}},{"start":{},"end":{}}],"line":250},"26":{"loc":{"start":{"line":253,"column":4},"end":{"line":255,"column":5}},"type":"if","locations":[{"start":{"line":253,"column":4},"end":{"line":255,"column":5}},{"start":{},"end":{}}],"line":253},"27":{"loc":{"start":{"line":256,"column":4},"end":{"line":256,"column":27}},"type":"if","locations":[{"start":{"line":256,"column":4},"end":{"line":256,"column":27}},{"start":{},"end":{}}],"line":256},"28":{"loc":{"start":{"line":257,"column":4},"end":{"line":257,"column":29}},"type":"if","locations":[{"start":{"line":257,"column":4},"end":{"line":257,"column":29}},{"start":{},"end":{}}],"line":257},"29":{"loc":{"start":{"line":264,"column":22},"end":{"line":266,"column":10}},"type":"cond-expr","locations":[{"start":{"line":265,"column":8},"end":{"line":265,"column":45}},{"start":{"line":266,"column":8},"end":{"line":266,"column":10}}],"line":264},"30":{"loc":{"start":{"line":264,"column":22},"end":{"line":264,"column":80}},"type":"binary-expr","locations":[{"start":{"line":264,"column":22},"end":{"line":264,"column":39}},{"start":{"line":264,"column":43},"end":{"line":264,"column":80}}],"line":264},"31":{"loc":{"start":{"line":267,"column":15},"end":{"line":267,"column":49}},"type":"cond-expr","locations":[{"start":{"line":267,"column":28},"end":{"line":267,"column":44}},{"start":{"line":267,"column":47},"end":{"line":267,"column":49}}],"line":267},"32":{"loc":{"start":{"line":284,"column":24},"end":{"line":284,"column":71}},"type":"binary-expr","locations":[{"start":{"line":284,"column":24},"end":{"line":284,"column":46}},{"start":{"line":284,"column":50},"end":{"line":284,"column":71}}],"line":284},"33":{"loc":{"start":{"line":285,"column":29},"end":{"line":287,"column":14}},"type":"cond-expr","locations":[{"start":{"line":286,"column":12},"end":{"line":286,"column":92}},{"start":{"line":287,"column":12},"end":{"line":287,"column":14}}],"line":285},"34":{"loc":{"start":{"line":285,"column":29},"end":{"line":285,"column":67}},"type":"binary-expr","locations":[{"start":{"line":285,"column":29},"end":{"line":285,"column":36}},{"start":{"line":285,"column":40},"end":{"line":285,"column":67}}],"line":285},"35":{"loc":{"start":{"line":324,"column":8},"end":{"line":328,"column":9}},"type":"if","locations":[{"start":{"line":324,"column":8},"end":{"line":328,"column":9}},{"start":{"line":326,"column":15},"end":{"line":328,"column":9}}],"line":324},"36":{"loc":{"start":{"line":334,"column":6},"end":{"line":343,"column":7}},"type":"switch","locations":[{"start":{"line":335,"column":8},"end":{"line":337,"column":16}},{"start":{"line":338,"column":8},"end":{"line":340,"column":16}},{"start":{"line":341,"column":8},"end":{"line":342,"column":33}}],"line":334},"37":{"loc":{"start":{"line":348,"column":6},"end":{"line":351,"column":7}},"type":"if","locations":[{"start":{"line":348,"column":6},"end":{"line":351,"column":7}},{"start":{},"end":{}}],"line":348},"38":{"loc":{"start":{"line":357,"column":6},"end":{"line":366,"column":7}},"type":"switch","locations":[{"start":{"line":358,"column":8},"end":{"line":360,"column":16}},{"start":{"line":361,"column":8},"end":{"line":363,"column":16}},{"start":{"line":364,"column":8},"end":{"line":365,"column":35}}],"line":357},"39":{"loc":{"start":{"line":373,"column":4},"end":{"line":376,"column":5}},"type":"if","locations":[{"start":{"line":373,"column":4},"end":{"line":376,"column":5}},{"start":{},"end":{}}],"line":373},"40":{"loc":{"start":{"line":401,"column":4},"end":{"line":401,"column":36}},"type":"if","locations":[{"start":{"line":401,"column":4},"end":{"line":401,"column":36}},{"start":{},"end":{}}],"line":401}},"s":{"0":0,"1":0,"2":0,"3":0,"4":0,"5":0,"6":0,"7":0,"8":0,"9":0,"10":0,"11":0,"12":0,"13":0,"14":0,"15":0,"16":0,"17":0,"18":0,"19":0,"20":0,"21":0,"22":0,"23":0,"24":0,"25":0,"26":0,"27":0,"28":0,"29":0,"30":0,"31":0,"32":0,"33":0,"34":0,"35":0,"36":0,"37":0,"38":0,"39":0,"40":0,"41":0,"42":0,"43":0,"44":0,"45":0,"46":0,"47":0,"48":0,"49":0,"50":0,"51":0,"52":0,"53":0,"54":0,"55":0,"56":0,"57":0,"58":0,"59":0,"60":0,"61":0,"62":0,"63":0,"64":0,"65":0,"66":0,"67":0,"68":0,"69":0,"70":0,"71":0,"72":0,"73":0,"74":0,"75":0,"76":0,"77":0,"78":0,"79":0,"80":0,"81":0,"82":0,"83":0,"84":0,"85":0,"86":0,"87":0,"88":0,"89":0,"90":0,"91":0,"92":0,"93":0,"94":0,"95":0,"96":0,"97":0,"98":0,"99":0,"100":0,"101":0,"102":0,"103":0,"104":0,"105":0,"106":0,"107":0,"108":0,"109":0,"110":0,"111":0,"112":0,"113":0,"114":0,"115":0,"116":0,"117":0,"118":0,"119":0,"120":0,"121":0,"122":0,"123":0,"124":0,"125":0,"126":0,"127":0,"128":0,"129":0,"130":0,"131":0,"132":0,"133":0,"134":0,"135":0,"136":0,"137":0,"138":0,"139":0,"140":0,"141":0,"142":0,"143":0,"144":0,"145":0,"146":0,"147":0,"148":0,"149":0,"150":0,"151":0,"152":0,"153":0,"154":0,"155":0,"156":0,"157":0,"158":0,"159":0,"160":0,"161":0,"162":0,"163":0,"164":0,"165":0,"166":0,"167":0,"168":0,"169":0,"170":0,"171":0,"172":0,"173":0,"174":0,"175":0,"176":0,"177":0,"178":0,"179":0,"180":0,"181":0,"182":0,"183":0,"184":0,"185":0,"186":0,"187":0,"188":0},"f":{"0":0,"1":0,"2":0,"3":0,"4":0,"5":0,"6":0,"7":0,"8":0,"9":0,"10":0,"11":0,"12":0,"13":0,"14":0,"15":0,"16":0,"17":0,"18":0,"19":0,"20":0,"21":0,"22":0,"23":0,"24":0,"25":0,"26":0,"27":0,"28":0,"29":0,"30":0,"31":0,"32":0,"33":0,"34":0,"35":0},"b":{"0":[0,0],"1":[0,0],"2":[0,0,0,0],"3":[0,0],"4":[0,0],"5":[0,0],"6":[0,0],"7":[0,0],"8":[0,0],"9":[0,0],"10":[0,0],"11":[0,0],"12":[0,0],"13":[0,0],"14":[0,0],"15":[0,0],"16":[0,0],"17":[0,0],"18":[0,0],"19":[0,0],"20":[0,0,0,0,0,0],"21":[0,0],"22":[0],"23":[0,0],"24":[0,0],"25":[0,0],"26":[0,0],"27":[0,0],"28":[0,0],"29":[0,0],"30":[0,0],"31":[0,0],"32":[0,0],"33":[0,0],"34":[0,0],"35":[0,0],"36":[0,0,0],"37":[0,0],"38":[0,0,0],"39":[0,0],"40":[0,0]}}
,"/home/ubuntu/clawd/css-copy-tool/popup/popup.js": {"path":"/home/ubuntu/clawd/css-copy-tool/popup/popup.js","statementMap":{"0":{"start":{"line":3,"column":0},"end":{"line":77,"column":3}},"1":{"start":{"line":4,"column":20},"end":{"line":4,"column":56}},"2":{"start":{"line":5,"column":23},"end":{"line":5,"column":72}},"3":{"start":{"line":6,"column":25},"end":{"line":6,"column":73}},"4":{"start":{"line":9,"column":2},"end":{"line":25,"column":5}},"5":{"start":{"line":10,"column":4},"end":{"line":13,"column":5}},"6":{"start":{"line":11,"column":6},"end":{"line":11,"column":40}},"7":{"start":{"line":12,"column":6},"end":{"line":12,"column":76}},"8":{"start":{"line":15,"column":4},"end":{"line":18,"column":5}},"9":{"start":{"line":16,"column":20},"end":{"line":16,"column":77}},"10":{"start":{"line":17,"column":6},"end":{"line":17,"column":38}},"11":{"start":{"line":17,"column":17},"end":{"line":17,"column":38}},"12":{"start":{"line":20,"column":4},"end":{"line":24,"column":5}},"13":{"start":{"line":21,"column":6},"end":{"line":23,"column":9}},"14":{"start":{"line":22,"column":8},"end":{"line":22,"column":58}},"15":{"start":{"line":28,"column":2},"end":{"line":48,"column":5}},"16":{"start":{"line":29,"column":18},"end":{"line":29,"column":80}},"17":{"start":{"line":31,"column":4},"end":{"line":47,"column":7}},"18":{"start":{"line":32,"column":23},"end":{"line":32,"column":39}},"19":{"start":{"line":34,"column":6},"end":{"line":34,"column":55}},"20":{"start":{"line":36,"column":6},"end":{"line":38,"column":9}},"21":{"start":{"line":40,"column":6},"end":{"line":46,"column":7}},"22":{"start":{"line":41,"column":8},"end":{"line":41,"column":42}},"23":{"start":{"line":42,"column":8},"end":{"line":42,"column":78}},"24":{"start":{"line":44,"column":8},"end":{"line":44,"column":45}},"25":{"start":{"line":45,"column":8},"end":{"line":45,"column":76}},"26":{"start":{"line":51,"column":2},"end":{"line":56,"column":5}},"27":{"start":{"line":52,"column":4},"end":{"line":55,"column":7}},"28":{"start":{"line":53,"column":6},"end":{"line":53,"column":59}},"29":{"start":{"line":54,"column":6},"end":{"line":54,"column":28}},"30":{"start":{"line":59,"column":2},"end":{"line":68,"column":5}},"31":{"start":{"line":60,"column":4},"end":{"line":67,"column":7}},"32":{"start":{"line":61,"column":28},"end":{"line":63,"column":28}},"33":{"start":{"line":62,"column":23},"end":{"line":62,"column":32}},"34":{"start":{"line":63,"column":20},"end":{"line":63,"column":27}},"35":{"start":{"line":65,"column":6},"end":{"line":65,"column":62}},"36":{"start":{"line":66,"column":6},"end":{"line":66,"column":28}},"37":{"start":{"line":71,"column":4},"end":{"line":75,"column":7}},"38":{"start":{"line":72,"column":6},"end":{"line":74,"column":7}},"39":{"start":{"line":73,"column":8},"end":{"line":73,"column":74}}},"fnMap":{"0":{"name":"(anonymous_0)","decl":{"start":{"line":3,"column":46},"end":{"line":3,"column":47}},"loc":{"start":{"line":3,"column":52},"end":{"line":77,"column":1}},"line":3},"1":{"name":"(anonymous_1)","decl":{"start":{"line":9,"column":65},"end":{"line":9,"column":66}},"loc":{"start":{"line":9,"column":77},"end":{"line":25,"column":3}},"line":9},"2":{"name":"(anonymous_2)","decl":{"start":{"line":21,"column":29},"end":{"line":21,"column":30}},"loc":{"start":{"line":21,"column":37},"end":{"line":23,"column":7}},"line":21},"3":{"name":"(anonymous_3)","decl":{"start":{"line":28,"column":38},"end":{"line":28,"column":39}},"loc":{"start":{"line":28,"column":50},"end":{"line":48,"column":3}},"line":28},"4":{"name":"(anonymous_4)","decl":{"start":{"line":31,"column":43},"end":{"line":31,"column":44}},"loc":{"start":{"line":31,"column":55},"end":{"line":47,"column":5}},"line":31},"5":{"name":"(anonymous_5)","decl":{"start":{"line":51,"column":23},"end":{"line":51,"column":24}},"loc":{"start":{"line":51,"column":34},"end":{"line":56,"column":3}},"line":51},"6":{"name":"(anonymous_6)","decl":{"start":{"line":52,"column":37},"end":{"line":52,"column":38}},"loc":{"start":{"line":52,"column":44},"end":{"line":55,"column":5}},"line":52},"7":{"name":"(anonymous_7)","decl":{"start":{"line":59,"column":25},"end":{"line":59,"column":26}},"loc":{"start":{"line":59,"column":33},"end":{"line":68,"column":3}},"line":59},"8":{"name":"(anonymous_8)","decl":{"start":{"line":60,"column":34},"end":{"line":60,"column":35}},"loc":{"start":{"line":60,"column":40},"end":{"line":67,"column":5}},"line":60},"9":{"name":"(anonymous_9)","decl":{"start":{"line":62,"column":16},"end":{"line":62,"column":17}},"loc":{"start":{"line":62,"column":23},"end":{"line":62,"column":32}},"line":62},"10":{"name":"(anonymous_10)","decl":{"start":{"line":63,"column":13},"end":{"line":63,"column":14}},"loc":{"start":{"line":63,"column":20},"end":{"line":63,"column":27}},"line":63},"11":{"name":"notifyContentScript","decl":{"start":{"line":70,"column":11},"end":{"line":70,"column":30}},"loc":{"start":{"line":70,"column":33},"end":{"line":76,"column":3}},"line":70},"12":{"name":"(anonymous_12)","decl":{"start":{"line":71,"column":61},"end":{"line":71,"column":62}},"loc":{"start":{"line":71,"column":71},"end":{"line":75,"column":5}},"line":71}},"branchMap":{"0":{"loc":{"start":{"line":10,"column":4},"end":{"line":13,"column":5}},"type":"if","locations":[{"start":{"line":10,"column":4},"end":{"line":13,"column":5}},{"start":{},"end":{}}],"line":10},"1":{"loc":{"start":{"line":15,"column":4},"end":{"line":18,"column":5}},"type":"if","locations":[{"start":{"line":15,"column":4},"end":{"line":18,"column":5}},{"start":{},"end":{}}],"line":15},"2":{"loc":{"start":{"line":17,"column":6},"end":{"line":17,"column":38}},"type":"if","locations":[{"start":{"line":17,"column":6},"end":{"line":17,"column":38}},{"start":{},"end":{}}],"line":17},"3":{"loc":{"start":{"line":20,"column":4},"end":{"line":24,"column":5}},"type":"if","locations":[{"start":{"line":20,"column":4},"end":{"line":24,"column":5}},{"start":{},"end":{}}],"line":20},"4":{"loc":{"start":{"line":37,"column":16},"end":{"line":37,"column":52}},"type":"cond-expr","locations":[{"start":{"line":37,"column":27},"end":{"line":37,"column":37}},{"start":{"line":37,"column":40},"end":{"line":37,"column":52}}],"line":37},"5":{"loc":{"start":{"line":40,"column":6},"end":{"line":46,"column":7}},"type":"if","locations":[{"start":{"line":40,"column":6},"end":{"line":46,"column":7}},{"start":{"line":43,"column":13},"end":{"line":46,"column":7}}],"line":40},"6":{"loc":{"start":{"line":72,"column":6},"end":{"line":74,"column":7}},"type":"if","locations":[{"start":{"line":72,"column":6},"end":{"line":74,"column":7}},{"start":{},"end":{}}],"line":72}},"s":{"0":0,"1":0,"2":0,"3":0,"4":0,"5":0,"6":0,"7":0,"8":0,"9":0,"10":0,"11":0,"12":0,"13":0,"14":0,"15":0,"16":0,"17":0,"18":0,"19":0,"20":0,"21":0,"22":0,"23":0,"24":0,"25":0,"26":0,"27":0,"28":0,"29":0,"30":0,"31":0,"32":0,"33":0,"34":0,"35":0,"36":0,"37":0,"38":0,"39":0},"f":{"0":0,"1":0,"2":0,"3":0,"4":0,"5":0,"6":0,"7":0,"8":0,"9":0,"10":0,"11":0,"12":0},"b":{"0":[0,0],"1":[0,0],"2":[0,0],"3":[0,0],"4":[0,0],"5":[0,0],"6":[0,0]}}
}
