TN:
SF:background.js
FN:3,(anonymous_0)
FN:5,(anonymous_1)
FN:13,(anonymous_2)
FNF:3
FNH:0
FNDA:0,(anonymous_0)
FNDA:0,(anonymous_1)
FNDA:0,(anonymous_2)
DA:3,0
DA:4,0
DA:5,0
DA:6,0
DA:7,0
DA:13,0
DA:14,0
DA:16,0
LF:8
LH:0
BRDA:4,0,0,0
BRDA:4,0,1,0
BRDA:6,1,0,0
BRDA:6,1,1,0
BRDA:14,2,0,0
BRDA:14,2,1,0
BRF:6
BRH:0
end_of_record
TN:
SF:content/content.js
FN:3,(anonymous_0)
FN:54,loadSettings
FN:55,(anonymous_2)
FN:62,init
FN:65,(anonymous_4)
FN:85,activate
FN:98,deactivate
FN:117,handleMouseOver
FN:130,handleMouseOut
FN:140,handleClick
FN:153,handleKeyDown
FN:161,getComputedStyles
FN:165,(anonymous_12)
FN:173,(anonymous_13)
FN:191,toCSS
FN:194,(anonymous_15)
FN:195,(anonymous_16)
FN:205,toTailwind
FN:208,(anonymous_18)
FN:209,(anonymous_19)
FN:214,(anonymous_20)
FN:224,toInline
FN:227,(anonymous_22)
FN:228,(anonymous_23)
FN:237,showOverlay
FN:277,(anonymous_25)
FN:283,(anonymous_26)
FN:318,(anonymous_27)
FN:319,(anonymous_28)
FN:332,(anonymous_29)
FN:347,(anonymous_30)
FN:372,removeOverlay
FN:380,copyToClipboard
FN:399,showToast
FN:408,(anonymous_34)
FN:410,(anonymous_35)
FNF:36
FNH:0
FNDA:0,(anonymous_0)
FNDA:0,loadSettings
FNDA:0,(anonymous_2)
FNDA:0,init
FNDA:0,(anonymous_4)
FNDA:0,activate
FNDA:0,deactivate
FNDA:0,handleMouseOver
FNDA:0,handleMouseOut
FNDA:0,handleClick
FNDA:0,handleKeyDown
FNDA:0,getComputedStyles
FNDA:0,(anonymous_12)
FNDA:0,(anonymous_13)
FNDA:0,toCSS
FNDA:0,(anonymous_15)
FNDA:0,(anonymous_16)
FNDA:0,toTailwind
FNDA:0,(anonymous_18)
FNDA:0,(anonymous_19)
FNDA:0,(anonymous_20)
FNDA:0,toInline
FNDA:0,(anonymous_22)
FNDA:0,(anonymous_23)
FNDA:0,showOverlay
FNDA:0,(anonymous_25)
FNDA:0,(anonymous_26)
FNDA:0,(anonymous_27)
FNDA:0,(anonymous_28)
FNDA:0,(anonymous_29)
FNDA:0,(anonymous_30)
FNDA:0,removeOverlay
FNDA:0,copyToClipboard
FNDA:0,showToast
FNDA:0,(anonymous_34)
FNDA:0,(anonymous_35)
DA:3,0
DA:6,0
DA:7,0
DA:8,0
DA:9,0
DA:15,0
DA:43,0
DA:55,0
DA:56,0
DA:57,0
DA:63,0
DA:65,0
DA:66,0
DA:68,0
DA:69,0
DA:71,0
DA:72,0
DA:74,0
DA:75,0
DA:77,0
DA:78,0
DA:80,0
DA:86,0
DA:87,0
DA:89,0
DA:90,0
DA:91,0
DA:92,0
DA:94,0
DA:99,0
DA:100,0
DA:102,0
DA:103,0
DA:104,0
DA:105,0
DA:107,0
DA:108,0
DA:109,0
DA:112,0
DA:113,0
DA:118,0
DA:119,0
DA:121,0
DA:122,0
DA:125,0
DA:126,0
DA:131,0
DA:132,0
DA:134,0
DA:141,0
DA:142,0
DA:144,0
DA:145,0
DA:147,0
DA:148,0
DA:154,0
DA:155,0
DA:156,0
DA:162,0
DA:163,0
DA:165,0
DA:166,0
DA:167,0
DA:168,0
DA:173,0
DA:174,0
DA:175,0
DA:176,0
DA:181,0
DA:182,0
DA:187,0
DA:192,0
DA:194,0
DA:195,0
DA:196,0
DA:200,0
DA:201,0
DA:206,0
DA:208,0
DA:209,0
DA:210,0
DA:211,0
DA:214,0
DA:215,0
DA:220,0
DA:225,0
DA:227,0
DA:228,0
DA:229,0
DA:233,0
DA:238,0
DA:240,0
DA:241,0
DA:243,0
DA:244,0
DA:247,0
DA:248,0
DA:250,0
DA:251,0
DA:253,0
DA:254,0
DA:256,0
DA:257,0
DA:259,0
DA:260,0
DA:263,0
DA:264,0
DA:267,0
DA:269,0
DA:277,0
DA:278,0
DA:283,0
DA:284,0
DA:285,0
DA:289,0
DA:297,0
DA:300,0
DA:312,0
DA:313,0
DA:316,0
DA:318,0
DA:319,0
DA:320,0
DA:321,0
DA:322,0
DA:324,0
DA:325,0
DA:327,0
DA:332,0
DA:334,0
DA:336,0
DA:337,0
DA:339,0
DA:340,0
DA:342,0
DA:344,0
DA:347,0
DA:348,0
DA:349,0
DA:350,0
DA:353,0
DA:354,0
DA:357,0
DA:359,0
DA:360,0
DA:362,0
DA:363,0
DA:365,0
DA:367,0
DA:373,0
DA:374,0
DA:375,0
DA:381,0
DA:382,0
DA:383,0
DA:386,0
DA:387,0
DA:388,0
DA:389,0
DA:390,0
DA:391,0
DA:392,0
DA:393,0
DA:394,0
DA:400,0
DA:401,0
DA:403,0
DA:404,0
DA:405,0
DA:406,0
DA:408,0
DA:409,0
DA:410,0
DA:415,0
LF:174
LH:0
BRDA:56,0,0,0
BRDA:56,0,1,0
BRDA:57,1,0,0
BRDA:57,1,1,0
BRDA:66,2,0,0
BRDA:66,2,1,0
BRDA:66,2,2,0
BRDA:66,2,3,0
BRDA:74,3,0,0
BRDA:74,3,1,0
BRDA:86,4,0,0
BRDA:86,4,1,0
BRDA:99,5,0,0
BRDA:99,5,1,0
BRDA:107,6,0,0
BRDA:107,6,1,0
BRDA:118,7,0,0
BRDA:118,7,1,0
BRDA:119,8,0,0
BRDA:119,8,1,0
BRDA:121,9,0,0
BRDA:121,9,1,0
BRDA:131,10,0,0
BRDA:131,10,1,0
BRDA:132,11,0,0
BRDA:132,11,1,0
BRDA:134,12,0,0
BRDA:134,12,1,0
BRDA:134,13,0,0
BRDA:134,13,1,0
BRDA:141,14,0,0
BRDA:141,14,1,0
BRDA:142,15,0,0
BRDA:142,15,1,0
BRDA:147,16,0,0
BRDA:147,16,1,0
BRDA:154,17,0,0
BRDA:154,17,1,0
BRDA:166,18,0,0
BRDA:166,18,1,0
BRDA:175,19,0,0
BRDA:175,19,1,0
BRDA:175,20,0,0
BRDA:175,20,1,0
BRDA:175,20,2,0
BRDA:175,20,3,0
BRDA:175,20,4,0
BRDA:175,20,5,0
BRDA:181,21,0,0
BRDA:181,21,1,0
BRDA:191,22,0,0
BRDA:210,23,0,0
BRDA:210,23,1,0
BRDA:210,24,0,0
BRDA:210,24,1,0
BRDA:250,25,0,0
BRDA:250,25,1,0
BRDA:253,26,0,0
BRDA:253,26,1,0
BRDA:256,27,0,0
BRDA:256,27,1,0
BRDA:257,28,0,0
BRDA:257,28,1,0
BRDA:264,29,0,0
BRDA:264,29,1,0
BRDA:264,30,0,0
BRDA:264,30,1,0
BRDA:267,31,0,0
BRDA:267,31,1,0
BRDA:284,32,0,0
BRDA:284,32,1,0
BRDA:285,33,0,0
BRDA:285,33,1,0
BRDA:285,34,0,0
BRDA:285,34,1,0
BRDA:324,35,0,0
BRDA:324,35,1,0
BRDA:334,36,0,0
BRDA:334,36,1,0
BRDA:334,36,2,0
BRDA:348,37,0,0
BRDA:348,37,1,0
BRDA:357,38,0,0
BRDA:357,38,1,0
BRDA:357,38,2,0
BRDA:373,39,0,0
BRDA:373,39,1,0
BRDA:401,40,0,0
BRDA:401,40,1,0
BRF:89
BRH:0
end_of_record
TN:
SF:popup/popup.js
FN:3,(anonymous_0)
FN:9,(anonymous_1)
FN:21,(anonymous_2)
FN:28,(anonymous_3)
FN:31,(anonymous_4)
FN:51,(anonymous_5)
FN:52,(anonymous_6)
FN:59,(anonymous_7)
FN:60,(anonymous_8)
FN:62,(anonymous_9)
FN:63,(anonymous_10)
FN:70,notifyContentScript
FN:71,(anonymous_12)
FNF:13
FNH:0
FNDA:0,(anonymous_0)
FNDA:0,(anonymous_1)
FNDA:0,(anonymous_2)
FNDA:0,(anonymous_3)
FNDA:0,(anonymous_4)
FNDA:0,(anonymous_5)
FNDA:0,(anonymous_6)
FNDA:0,(anonymous_7)
FNDA:0,(anonymous_8)
FNDA:0,(anonymous_9)
FNDA:0,(anonymous_10)
FNDA:0,notifyContentScript
FNDA:0,(anonymous_12)
DA:3,0
DA:4,0
DA:5,0
DA:6,0
DA:9,0
DA:10,0
DA:11,0
DA:12,0
DA:15,0
DA:16,0
DA:17,0
DA:20,0
DA:21,0
DA:22,0
DA:28,0
DA:29,0
DA:31,0
DA:32,0
DA:34,0
DA:36,0
DA:40,0
DA:41,0
DA:42,0
DA:44,0
DA:45,0
DA:51,0
DA:52,0
DA:53,0
DA:54,0
DA:59,0
DA:60,0
DA:61,0
DA:62,0
DA:63,0
DA:65,0
DA:66,0
DA:71,0
DA:72,0
DA:73,0
LF:39
LH:0
BRDA:10,0,0,0
BRDA:10,0,1,0
BRDA:15,1,0,0
BRDA:15,1,1,0
BRDA:17,2,0,0
BRDA:17,2,1,0
BRDA:20,3,0,0
BRDA:20,3,1,0
BRDA:37,4,0,0
BRDA:37,4,1,0
BRDA:40,5,0,0
BRDA:40,5,1,0
BRDA:72,6,0,0
BRDA:72,6,1,0
BRF:14
BRH:0
end_of_record
